coverage:
  all_nodes: 0
  covered_nodes: 0
mutation_score: 49.01960784313725
mutations:
- exception_traceback: "Traceback (most recent call last):\n  File \"C:\\Users\\steph\\\
    Desktop\\Thesis\\Feature Scripts\\Working\\src\\tests\\test_calculator.py\", line\
    \ 10, in test_aod\n    self.assertEqual(aod(2), -2)\nAssertionError: 2 != -2\n"
  killer: test_aod (test_calculator.CalculatorTest)
  module: &id001
  mutations:
  - lineno: 3
    operator: AOD
  number: 1
  status: killed
  tests_run: 9
  time: 0.0039980411529541016
- exception_traceback: "Traceback (most recent call last):\n  File \"C:\\Users\\steph\\\
    Desktop\\Thesis\\Feature Scripts\\Working\\src\\tests\\test_calculator.py\", line\
    \ 10, in test_aod\n    self.assertEqual(aod(2), -2)\nAssertionError: 2 != -2\n"
  killer: test_aod (test_calculator.CalculatorTest)
  module: *id001
  mutations:
  - lineno: 3
    operator: AOR
  number: 2
  status: killed
  tests_run: 9
  time: 0.0
- exception_traceback: "Traceback (most recent call last):\n  File \"C:\\Users\\steph\\\
    Desktop\\Thesis\\Feature Scripts\\Working\\src\\tests\\test_calculator.py\", line\
    \ 21, in test_aor\n    self.assertEqual(aor(2, 2), 8)\nAssertionError: 2.0 !=\
    \ 8\n"
  killer: test_aor (test_calculator.CalculatorTest)
  module: *id001
  mutations:
  - lineno: 7
    operator: AOR
  number: 3
  status: killed
  tests_run: 11
  time: 0.0
- exception_traceback: "Traceback (most recent call last):\n  File \"C:\\Users\\steph\\\
    Desktop\\Thesis\\Feature Scripts\\Working\\src\\tests\\test_calculator.py\", line\
    \ 21, in test_aor\n    self.assertEqual(aor(2, 2), 8)\nAssertionError: 2 != 8\n"
  killer: test_aor (test_calculator.CalculatorTest)
  module: *id001
  mutations:
  - lineno: 7
    operator: AOR
  number: 4
  status: killed
  tests_run: 11
  time: 0.0008342266082763672
- exception_traceback: null
  killer: null
  module: *id001
  mutations:
  - lineno: 7
    operator: AOR
  number: 5
  status: survived
  tests_run: 21
  time: 0.0
- exception_traceback: "Traceback (most recent call last):\n  File \"C:\\Users\\steph\\\
    Desktop\\Thesis\\Feature Scripts\\Working\\src\\tests\\test_calculator.py\", line\
    \ 21, in test_aor\n    self.assertEqual(aor(2, 2), 8)\nAssertionError: 2.0 !=\
    \ 8\n"
  killer: test_aor (test_calculator.CalculatorTest)
  module: *id001
  mutations:
  - lineno: 7
    operator: AOR
  number: 6
  status: killed
  tests_run: 11
  time: 0.004002571105957031
- exception_traceback: "Traceback (most recent call last):\n  File \"C:\\Users\\steph\\\
    Desktop\\Thesis\\Feature Scripts\\Working\\src\\tests\\test_calculator.py\", line\
    \ 21, in test_aor\n    self.assertEqual(aor(2, 2), 8)\nAssertionError: 2 != 8\n"
  killer: test_aor (test_calculator.CalculatorTest)
  module: *id001
  mutations:
  - lineno: 7
    operator: AOR
  number: 7
  status: killed
  tests_run: 11
  time: 0.0
- exception_traceback: "Traceback (most recent call last):\n  File \"C:\\Users\\steph\\\
    Desktop\\Thesis\\Feature Scripts\\Working\\src\\tests\\test_calculator.py\", line\
    \ 21, in test_aor\n    self.assertEqual(aor(2, 2), 8)\nAssertionError: 16 != 8\n"
  killer: test_aor (test_calculator.CalculatorTest)
  module: *id001
  mutations:
  - lineno: 7
    operator: AOR
  number: 8
  status: killed
  tests_run: 11
  time: 0.004046440124511719
- exception_traceback: "Traceback (most recent call last):\n  File \"C:\\Users\\steph\\\
    Desktop\\Thesis\\Feature Scripts\\Working\\src\\tests\\test_calculator.py\", line\
    \ 24, in test_asr\n    self.assertEqual(asr(2, 2), 4)\nAssertionError: 0 != 4\n"
  killer: test_asr (test_calculator.CalculatorTest)
  module: *id001
  mutations:
  - lineno: 11
    operator: ASR
  number: 9
  status: killed
  tests_run: 12
  time: 0.0010540485382080078
- exception_traceback: "Traceback (most recent call last):\n  File \"C:\\Users\\steph\\\
    Desktop\\Thesis\\Feature Scripts\\Working\\src\\tests\\test_calculator.py\", line\
    \ 27, in test_bcr\n    self.assertEqual(bcr(), 'h')\nAssertionError: 'n' != 'h'\n\
    - n\n+ h\n\n"
  killer: test_bcr (test_calculator.CalculatorTest)
  module: *id001
  mutations:
  - lineno: 18
    operator: BCR
  number: 10
  status: killed
  tests_run: 13
  time: 0.0010576248168945312
- exception_traceback: "Traceback (most recent call last):\n  File \"C:\\Users\\steph\\\
    Desktop\\Thesis\\Feature Scripts\\Working\\src\\tests\\test_calculator.py\", line\
    \ 30, in test_cod\n    self.assertEqual(cod(True), True)\nAssertionError: False\
    \ != True\n"
  killer: test_cod (test_calculator.CalculatorTest)
  module: *id001
  mutations:
  - lineno: 23
    operator: COD
  number: 11
  status: killed
  tests_run: 14
  time: 0.0
- exception_traceback: "Traceback (most recent call last):\n  File \"C:\\Users\\steph\\\
    Desktop\\Thesis\\Feature Scripts\\Working\\src\\tests\\test_calculator.py\", line\
    \ 27, in test_bcr\n    self.assertEqual(bcr(), 'h')\nAssertionError: 'P' != 'h'\n\
    - P\n+ h\n\n"
  killer: test_bcr (test_calculator.CalculatorTest)
  module: *id001
  mutations:
  - lineno: 17
    operator: COI
  number: 12
  status: killed
  tests_run: 13
  time: 0.0
- exception_traceback: "Traceback (most recent call last):\n  File \"C:\\Users\\steph\\\
    Desktop\\Thesis\\Feature Scripts\\Working\\src\\tests\\test_calculator.py\", line\
    \ 30, in test_cod\n    self.assertEqual(cod(True), True)\nAssertionError: False\
    \ != True\n"
  killer: test_cod (test_calculator.CalculatorTest)
  module: *id001
  mutations:
  - lineno: 23
    operator: COI
  number: 13
  status: killed
  tests_run: 14
  time: 0.0
- exception_traceback: "Traceback (most recent call last):\n  File \"C:\\Users\\steph\\\
    Desktop\\Thesis\\Feature Scripts\\Working\\src\\tests\\test_calculator.py\", line\
    \ 33, in test_coi\n    self.assertEqual(coi(True), False)\nAssertionError: True\
    \ != False\n"
  killer: test_coi (test_calculator.CalculatorTest)
  module: *id001
  mutations:
  - lineno: 29
    operator: COI
  number: 14
  status: killed
  tests_run: 15
  time: 0.003998517990112305
- exception_traceback: null
  killer: null
  module: *id001
  mutations:
  - lineno: 90
    operator: COI
  number: 15
  status: survived
  tests_run: 21
  time: 0.00400090217590332
- exception_traceback: null
  killer: null
  module: *id001
  mutations:
  - lineno: 92
    operator: COI
  number: 16
  status: survived
  tests_run: 21
  time: 0.0
- exception_traceback: null
  killer: null
  module: *id001
  mutations:
  - lineno: 106
    operator: COI
  number: 17
  status: survived
  tests_run: 21
  time: 0.0
- exception_traceback: "Traceback (most recent call last):\n  File \"C:\\Users\\steph\\\
    Desktop\\Thesis\\Feature Scripts\\Working\\src\\tests\\test_calculator.py\", line\
    \ 21, in test_aor\n    self.assertEqual(aor(2, 2), 8)\nAssertionError: 12 != 8\n"
  killer: test_aor (test_calculator.CalculatorTest)
  module: *id001
  mutations:
  - lineno: 7
    operator: CRP
  number: 18
  status: killed
  tests_run: 11
  time: 0.0
- exception_traceback: "Traceback (most recent call last):\n  File \"C:\\Users\\steph\\\
    Desktop\\Thesis\\Feature Scripts\\Working\\src\\tests\\test_calculator.py\", line\
    \ 27, in test_bcr\n    self.assertEqual(bcr(), 'h')\nAssertionError: 'y' != 'h'\n\
    - y\n+ h\n\n"
  killer: test_bcr (test_calculator.CalculatorTest)
  module: *id001
  mutations:
  - lineno: 16
    operator: CRP
  number: 19
  status: killed
  tests_run: 13
  time: 0.0009324550628662109
- exception_traceback: "Traceback (most recent call last):\n  File \"C:\\Users\\steph\\\
    Desktop\\Thesis\\Feature Scripts\\Working\\src\\tests\\test_calculator.py\", line\
    \ 27, in test_bcr\n    self.assertEqual(bcr(), 'h')\n  File \"calculator\", line\
    \ 19, in bcr\nUnboundLocalError: local variable 'letter' referenced before assignment\n"
  killer: test_bcr (test_calculator.CalculatorTest)
  module: *id001
  mutations:
  - lineno: 16
    operator: CRP
  number: 20
  status: killed
  tests_run: 13
  time: 0.0
- exception_traceback: "Traceback (most recent call last):\n  File \"C:\\Users\\steph\\\
    Desktop\\Thesis\\Feature Scripts\\Working\\src\\tests\\test_calculator.py\", line\
    \ 27, in test_bcr\n    self.assertEqual(bcr(), 'h')\nAssertionError: 'n' != 'h'\n\
    - n\n+ h\n\n"
  killer: test_bcr (test_calculator.CalculatorTest)
  module: *id001
  mutations:
  - lineno: 17
    operator: CRP
  number: 21
  status: killed
  tests_run: 13
  time: 0.0
- exception_traceback: "Traceback (most recent call last):\n  File \"C:\\Users\\steph\\\
    Desktop\\Thesis\\Feature Scripts\\Working\\src\\tests\\test_calculator.py\", line\
    \ 27, in test_bcr\n    self.assertEqual(bcr(), 'h')\nAssertionError: 'n' != 'h'\n\
    - n\n+ h\n\n"
  killer: test_bcr (test_calculator.CalculatorTest)
  module: *id001
  mutations:
  - lineno: 17
    operator: CRP
  number: 22
  status: killed
  tests_run: 13
  time: 0.0
- exception_traceback: "Traceback (most recent call last):\n  File \"C:\\Users\\steph\\\
    Desktop\\Thesis\\Feature Scripts\\Working\\src\\tests\\test_calculator.py\", line\
    \ 36, in test_crp\n    self.assertEqual(crp(), (1, 'test'))\nAssertionError: Tuples\
    \ differ: (2, 'test') != (1, 'test')\n\nFirst differing element 0:\n2\n1\n\n-\
    \ (2, 'test')\n?  ^\n\n+ (1, 'test')\n?  ^\n\n"
  killer: test_crp (test_calculator.CalculatorTest)
  module: *id001
  mutations:
  - lineno: 35
    operator: CRP
  number: 23
  status: killed
  tests_run: 16
  time: 0.0
- exception_traceback: "Traceback (most recent call last):\n  File \"C:\\Users\\steph\\\
    Desktop\\Thesis\\Feature Scripts\\Working\\src\\tests\\test_calculator.py\", line\
    \ 36, in test_crp\n    self.assertEqual(crp(), (1, 'test'))\nAssertionError: Tuples\
    \ differ: (1, 'mutpy') != (1, 'test')\n\nFirst differing element 1:\n'mutpy'\n\
    'test'\n\n- (1, 'mutpy')\n+ (1, 'test')\n"
  killer: test_crp (test_calculator.CalculatorTest)
  module: *id001
  mutations:
  - lineno: 36
    operator: CRP
  number: 24
  status: killed
  tests_run: 16
  time: 0.003997087478637695
- exception_traceback: "Traceback (most recent call last):\n  File \"C:\\Users\\steph\\\
    Desktop\\Thesis\\Feature Scripts\\Working\\src\\tests\\test_calculator.py\", line\
    \ 36, in test_crp\n    self.assertEqual(crp(), (1, 'test'))\nAssertionError: Tuples\
    \ differ: (1, '') != (1, 'test')\n\nFirst differing element 1:\n''\n'test'\n\n\
    - (1, '')\n+ (1, 'test')\n?      ++++\n\n"
  killer: test_crp (test_calculator.CalculatorTest)
  module: *id001
  mutations:
  - lineno: 36
    operator: CRP
  number: 25
  status: killed
  tests_run: 16
  time: 0.0
- exception_traceback: null
  killer: null
  module: *id001
  mutations:
  - lineno: 57
    operator: CRP
  number: 26
  status: survived
  tests_run: 21
  time: 0.0
- exception_traceback: null
  killer: null
  module: *id001
  mutations:
  - lineno: 57
    operator: CRP
  number: 27
  status: survived
  tests_run: 21
  time: 0.0
- exception_traceback: null
  killer: null
  module: *id001
  mutations:
  - lineno: 61
    operator: CRP
  number: 28
  status: survived
  tests_run: 21
  time: 0.0
- exception_traceback: "Traceback (most recent call last):\n  File \"C:\\Users\\steph\\\
    Desktop\\Thesis\\Feature Scripts\\Working\\src\\tests\\test_calculator.py\", line\
    \ 50, in test_IHD\n    self.assertEqual(temp_ihd.y, 2)\nAssertionError: 3 != 2\n"
  killer: test_IHD (test_calculator.CalculatorTest)
  module: *id001
  mutations:
  - lineno: 65
    operator: CRP
  number: 29
  status: killed
  tests_run: 4
  time: 0.0
- exception_traceback: null
  killer: null
  module: *id001
  mutations:
  - lineno: 86
    operator: CRP
  number: 30
  status: survived
  tests_run: 21
  time: 0.0
- exception_traceback: null
  killer: null
  module: *id001
  mutations:
  - lineno: 41
    operator: DDL
  number: 31
  status: survived
  tests_run: 21
  time: 0.0039653778076171875
- exception_traceback: null
  killer: null
  module: *id001
  mutations:
  - lineno: 49
    operator: EHD
  number: 32
  status: survived
  tests_run: 21
  time: 0.00396418571472168
- exception_traceback: null
  killer: null
  module: *id001
  mutations:
  - lineno: 56
    operator: EXS
  number: 33
  status: survived
  tests_run: 21
  time: 0.0
- exception_traceback: "Traceback (most recent call last):\n  File \"C:\\Users\\steph\\\
    Desktop\\Thesis\\Feature Scripts\\Working\\src\\tests\\test_calculator.py\", line\
    \ 50, in test_IHD\n    self.assertEqual(temp_ihd.y, 2)\nAssertionError: 1 != 2\n"
  killer: test_IHD (test_calculator.CalculatorTest)
  module: *id001
  mutations:
  - lineno: 65
    operator: IHD
  number: 34
  status: killed
  tests_run: 4
  time: 0.004036426544189453
- exception_traceback: null
  killer: null
  module: *id001
  mutations:
  - lineno: 74
    operator: IOD
  number: 35
  status: survived
  tests_run: 21
  time: 0.0
- exception_traceback: null
  killer: null
  module: *id001
  mutations:
  - lineno: 84
    operator: IOD
  number: 36
  status: survived
  tests_run: 21
  time: 0.004010915756225586
- exception_traceback: null
  killer: null
  module: *id001
  mutations:
  - lineno: 116
    operator: IOD
  number: 37
  status: survived
  tests_run: 21
  time: 0.0006189346313476562
- exception_traceback: null
  killer: null
  module: *id001
  mutations:
  - lineno: 126
    operator: IOD
  number: 38
  status: survived
  tests_run: 21
  time: 0.0
- exception_traceback: null
  killer: null
  module: *id001
  mutations:
  - lineno: 84
    operator: IOP
  number: 39
  status: survived
  tests_run: 21
  time: 0.003998756408691406
- exception_traceback: null
  killer: null
  module: *id001
  mutations:
  - lineno: 90
    operator: LCR
  number: 40
  status: survived
  tests_run: 21
  time: 0.0006210803985595703
- exception_traceback: null
  killer: null
  module: *id001
  mutations:
  - lineno: 92
    operator: LCR
  number: 41
  status: survived
  tests_run: 21
  time: 0.0
- exception_traceback: "Traceback (most recent call last):\n  File \"C:\\Users\\steph\\\
    Desktop\\Thesis\\Feature Scripts\\Working\\src\\tests\\test_calculator.py\", line\
    \ 64, in test_lod\n    self.assertEqual(lod(2), ~2)\nAssertionError: 2 != -3\n"
  killer: test_lod (test_calculator.CalculatorTest)
  module: *id001
  mutations:
  - lineno: 97
    operator: LOD
  number: 42
  status: killed
  tests_run: 18
  time: 0.0
- exception_traceback: null
  killer: null
  module: *id001
  mutations:
  - lineno: 101
    operator: LOR
  number: 43
  status: survived
  tests_run: 21
  time: 0.0
- exception_traceback: null
  killer: null
  module: *id001
  mutations:
  - lineno: 102
    operator: LOR
  number: 44
  status: survived
  tests_run: 21
  time: 0.004000663757324219
- exception_traceback: "Traceback (most recent call last):\n  File \"C:\\Users\\steph\\\
    Desktop\\Thesis\\Feature Scripts\\Working\\src\\tests\\test_calculator.py\", line\
    \ 27, in test_bcr\n    self.assertEqual(bcr(), 'h')\nAssertionError: 'P' != 'h'\n\
    - P\n+ h\n\n"
  killer: test_bcr (test_calculator.CalculatorTest)
  module: *id001
  mutations:
  - lineno: 17
    operator: ROR
  number: 45
  status: killed
  tests_run: 13
  time: 0.0
- exception_traceback: null
  killer: null
  module: *id001
  mutations:
  - lineno: 106
    operator: ROR
  number: 46
  status: survived
  tests_run: 21
  time: 0.0
- exception_traceback: null
  killer: null
  module: *id001
  mutations:
  - lineno: 106
    operator: ROR
  number: 47
  status: survived
  tests_run: 21
  time: 0.0
- exception_traceback: null
  killer: null
  module: *id001
  mutations:
  - lineno: 84
    operator: SCD
  number: 48
  status: survived
  tests_run: 21
  time: 0.0
- exception_traceback: null
  killer: null
  module: *id001
  mutations:
  - lineno: 116
    operator: SCD
  number: 49
  status: survived
  tests_run: 21
  time: 0.0
- exception_traceback: null
  killer: null
  module: *id001
  mutations:
  - lineno: 74
    operator: SCI
  number: 50
  status: survived
  tests_run: 21
  time: 0.004000425338745117
- exception_traceback: null
  killer: null
  module: *id001
  mutations:
  - lineno: 126
    operator: SCI
  number: 51
  status: survived
  tests_run: 21
  time: 0.0040013790130615234
number_of_tests: 21
targets:
- src/calculator.py
tests:
- name: test_calculator
  target: null
  time: 0.0
time_stats:
  create_mutant_module: 0.0291287899017334
  create_target_ast: 0.00400233268737793
  mutate_module: 0.2915031909942627
  run_tests_with_mutant: 0.09032678604125977
total_time: 0.2915031909942627
